{
  "0 debug pnpm:scope": {
    "selected": 1
  },
  "1 debug pnpm:package-manifest": {
    "initial": {
      "dependencies": {
        "nodemon": "^3.0.1"
      }
    },
    "prefix": "/root/.nvm/versions/node/v14.18.2/pnpm-global/5"
  },
  "2 debug pnpm:context": {
    "currentLockfileExists": true,
    "storeDir": "/home/theia/.pnpm-store/v3",
    "virtualStoreDir": "/root/.nvm/versions/node/v14.18.2/pnpm-global/5/node_modules/.pnpm"
  },
  "3 debug pnpm:stage": {
    "prefix": "/root/.nvm/versions/node/v14.18.2/pnpm-global/5",
    "stage": "resolution_started"
  },
  "4 debug pnpm:_dependency_resolved": {
    "resolution": "registry.npmjs.org/nodemon/3.0.1",
    "wanted": {
      "dependentId": ".",
      "name": "nodemon",
      "rawSpec": "^3.0.1"
    }
  },
  "5 debug pnpm:progress": {
    "packageId": "registry.npmjs.org/nodemon/3.0.1",
    "requester": "/root/.nvm/versions/node/v14.18.2/pnpm-global/5",
    "status": "found_in_store"
  },
  "6 debug pnpm:progress": {
    "packageId": "registry.npmjs.org/nodemon/3.0.1",
    "requester": "/root/.nvm/versions/node/v14.18.2/pnpm-global/5",
    "status": "resolved"
  },
  "7 error pnpm": {
    "code": "ERR_PNPM_FETCH_404",
    "hint": "creat-react-app is not in the npm registry, or you have no permission to fetch it.\n\nNo authorization header was set for the request.",
    "request": {
      "url": "https://registry.npmjs.org/creat-react-app"
    },
    "response": {
      "size": 0
    },
    "pkgName": "creat-react-app",
    "pkgsStack": [],
    "err": {
      "name": "pnpm",
      "message": "GET https://registry.npmjs.org/creat-react-app: Not Found - 404",
      "code": "ERR_PNPM_FETCH_404",
      "stack": "pnpm: GET https://registry.npmjs.org/creat-react-app: Not Found - 404\n    at RetryOperation._fn (/usr/local/lib/node_modules/pnpm/dist/pnpm.cjs:85815:19)\n    at processTicksAndRejections (internal/process/task_queues.js:95:5)"
    }
  }
}